<?xml version="1.0" encoding="utf-8"?><testsuites><testsuite name="pytest" errors="0" failures="0" skipped="0" tests="4" time="0.910" timestamp="2022-04-28T00:52:30.298040" hostname="DESKTOP-KANMRUQ"><testcase classname="tests.test_core" name="test_add_beer_to_database" time="0.028" /><testcase classname="tests.test_core" name="test_get_beers_from_database" time="0.028" /><testcase classname="tests.test_functional_api" name="test_create_beer_via_api" time="0.043" /><testcase classname="tests.test_functional_cli" name="test_add_beer" time="0.028" /></testsuite></testsuites>